<?xml version="1.0" encoding="UTF-8" ?>
<testsuite tests="6" failures="0" name="com.andr.tests.DemoAppTest" time="31.175" errors="0" skipped="0">
  <properties>
    <property name="jansi.mode" value="force"/>
    <property name="java.runtime.name" value="Java(TM) SE Runtime Environment"/>
    <property name="java.vm.version" value="15.0.2+7-27"/>
    <property name="sun.boot.library.path" value="/Library/Java/JavaVirtualMachines/jdk-15.0.2.jdk/Contents/Home/lib"/>
    <property name="maven.multiModuleProjectDirectory" value="/Users/harneetkaur/eclipse-workspace/MobileAutomationJavaClient8"/>
    <property name="java.vm.vendor" value="Oracle Corporation"/>
    <property name="java.vendor.url" value="https://java.oracle.com/"/>
    <property name="guice.disable.misplaced.annotation.check" value="true"/>
    <property name="path.separator" value=":"/>
    <property name="java.vm.name" value="Java HotSpot(TM) 64-Bit Server VM"/>
    <property name="user.country" value="US"/>
    <property name="sun.java.launcher" value="SUN_STANDARD"/>
    <property name="java.vm.specification.name" value="Java Virtual Machine Specification"/>
    <property name="user.dir" value="/Users/harneetkaur/eclipse-workspace/MobileAutomationJavaClient8"/>
    <property name="java.vm.compressedOopsMode" value="Zero based"/>
    <property name="java.runtime.version" value="15.0.2+7-27"/>
    <property name="os.arch" value="x86_64"/>
    <property name="java.io.tmpdir" value="/var/folders/l6/6wms2f053xnf6tg9y1d_07c00000gn/T/"/>
    <property name="line.separator" value="
"/>
    <property name="java.vm.specification.vendor" value="Oracle Corporation"/>
    <property name="os.name" value="Mac OS X"/>
    <property name="classworlds.conf" value="/Users/harneetkaur/eclipse-workspace/.metadata/.plugins/org.eclipse.m2e.launching/launches/m2conf17315838319057502396.tmp"/>
    <property name="sun.jnu.encoding" value="UTF-8"/>
    <property name="java.library.path" value="/Users/harneetkaur/Library/Java/Extensions:/Library/Java/Extensions:/Network/Library/Java/Extensions:/System/Library/Java/Extensions:/usr/lib/java:."/>
    <property name="jdk.debug" value="release"/>
    <property name="java.class.version" value="59.0"/>
    <property name="java.specification.name" value="Java Platform API Specification"/>
    <property name="sun.management.compiler" value="HotSpot 64-Bit Tiered Compilers"/>
    <property name="os.version" value="10.16"/>
    <property name="http.nonProxyHosts" value="local|*.local|169.254/16|*.169.254/16"/>
    <property name="user.home" value="/Users/harneetkaur"/>
    <property name="user.timezone" value="America/New_York"/>
    <property name="file.encoding" value="UTF-8"/>
    <property name="java.specification.version" value="15"/>
    <property name="user.name" value="harneetkaur"/>
    <property name="java.class.path" value="/Users/harneetkaur/.p2/pool/plugins/org.eclipse.m2e.maven.runtime_3.8.604.20221130-2149/jars/plexus-classworlds-2.6.0.jar"/>
    <property name="java.vm.specification.version" value="15"/>
    <property name="sun.arch.data.model" value="64"/>
    <property name="sun.java.command" value="org.codehaus.plexus.classworlds.launcher.Launcher -B -Dstyle.color=always test"/>
    <property name="java.home" value="/Library/Java/JavaVirtualMachines/jdk-15.0.2.jdk/Contents/Home"/>
    <property name="user.language" value="en"/>
    <property name="java.specification.vendor" value="Oracle Corporation"/>
    <property name="java.vm.info" value="mixed mode, sharing"/>
    <property name="java.version" value="15.0.2"/>
    <property name="java.vendor" value="Oracle Corporation"/>
    <property name="maven.home" value="/Users/harneetkaur/eclipse-workspace/MobileAutomationJavaClient8/EMBEDDED"/>
    <property name="style.color" value="always"/>
    <property name="file.separator" value="/"/>
    <property name="java.version.date" value="2021-01-19"/>
    <property name="java.vendor.url.bug" value="https://bugreport.java.com/bugreport/"/>
    <property name="sun.io.unicode.encoding" value="UnicodeBig"/>
    <property name="sun.cpu.endian" value="little"/>
    <property name="m2e.build.project.data.socket.port" value="60047"/>
    <property name="socksNonProxyHosts" value="local|*.local|169.254/16|*.169.254/16"/>
    <property name="ftp.nonProxyHosts" value="local|*.local|169.254/16|*.169.254/16"/>
  </properties>
  <testcase classname="com.andr.tests.DemoAppTest" name="clickGeoAllowOnce" time="4.892"/>
  <testcase classname="com.andr.tests.DemoAppTest" name="clickLogin" time="5.176"/>
  <testcase classname="com.andr.tests.DemoAppTest" name="clickOnDrawing" time="2.428"/>
  <testcase classname="com.andr.tests.DemoAppTest" name="clickOnQRCodeNoPermission" time="3.737"/>
  <testcase classname="com.andr.tests.DemoAppTest" name="clickOnWebView" time="10.811"/>
  <testcase classname="com.andr.tests.DemoAppTest" name="clickQRCodePermitOnce" time="4.131"/>
</testsuite>