<?xml version="1.0" encoding="UTF-8"?>
<!-- Generated by org.testng.reporters.JUnitReportReporter -->
<testsuite hostname="Harneets-MBP" failures="0" tests="1" name="com.iphone.tests.MobileTest" time="144.177" errors="0" timestamp="2024-06-11T14:48:25 EDT" skipped="0">
  <testcase classname="com.iphone.tests.MobileTest" name="clickAction" time="144.177"/>
  <system-out/>
</testsuite> <!-- com.iphone.tests.MobileTest -->
