<?xml version="1.0" encoding="UTF-8"?>
<!-- Generated by org.testng.reporters.JUnitReportReporter -->
<testsuite hostname="Harneets-MBP" failures="0" tests="1" name="com.andr.tests.DemoAppTest" time="68.488" errors="0" timestamp="2024-06-11T09:37:45 EDT" skipped="0">
  <testcase classname="com.andr.tests.DemoAppTest" name="clickOnWebView" time="68.488"/>
  <system-out/>
</testsuite> <!-- com.andr.tests.DemoAppTest -->
