<?xml version="1.0" encoding="UTF-8"?>
<!-- Generated by org.testng.reporters.JUnitReportReporter -->
<testsuite hostname="Harneets-MacBook-Pro.local" failures="0" tests="1" name="com.andr.tests.DemoAppTest" time="20.717" errors="0" timestamp="2023-12-04T17:12:33 EST" skipped="0">
  <testcase classname="com.andr.tests.DemoAppTest" name="clickOnWebView" time="20.717"/>
  <system-out/>
</testsuite> <!-- com.andr.tests.DemoAppTest -->
