<?xml version="1.0" encoding="UTF-8"?>
<!-- Generated by org.testng.reporters.JUnitReportReporter -->
<testsuite hostname="Harneets-MacBook-Pro.local" failures="0" tests="6" name="com.andr.tests.DemoAppTest" time="67.480" errors="0" timestamp="2023-12-04T15:14:23 EST" skipped="0">
  <testcase classname="com.andr.tests.DemoAppTest" name="clickLogin" time="10.652"/>
  <system-out/>
  <testcase classname="com.andr.tests.DemoAppTest" name="clickOnDrawing" time="10.788"/>
  <system-out/>
  <testcase classname="com.andr.tests.DemoAppTest" name="clickOnWebView" time="16.242"/>
  <system-out/>
  <testcase classname="com.andr.tests.DemoAppTest" name="clickGeoAllowOnce" time="10.582"/>
  <system-out/>
  <testcase classname="com.andr.tests.DemoAppTest" name="clickOnQRCodeNoPermission" time="9.495"/>
  <system-out/>
  <testcase classname="com.andr.tests.DemoAppTest" name="clickQRCodePermitOnce" time="9.721"/>
  <system-out/>
</testsuite> <!-- com.andr.tests.DemoAppTest -->
